C51 COMPILER V9.59.0.0   T_COM                                                             04/12/2020 09:04:54 PAGE 1   


C51 COMPILER V9.59.0.0, COMPILATION OF MODULE T_COM
OBJECT MODULE PLACED IN t_com.OBJ
COMPILER INVOKED BY: C:\Keil_v5\C51\BIN\C51.EXE t_com.c OPTIMIZE(8,SPEED) BROWSE DEBUG OBJECTEXTEND TABS(2)

line level    source

   1          #include <AT89X51.h>
   2          #define uchar unsigned  char
   3          #define uint unsigned int
   4          uchar  idata trdata[]={'8','9','S','5','2',0x0d,0x0a,0x00};
   5          uchar  idata trdata1[]={'Y','F','Y',' ','E','l','e','c','t','r','i','o','n','i','e','s',0x0d,0x0a,0x00};
   6          main()
   7          {
   8   1      uchar i;
   9   1        uint j;
  10   1      SCON= 0x40;                //串口方式1
  11   1      PCON=0;                     //SMOD=0
  12   1      REN=1;                     //允许接收
  13   1      TMOD= 0x20;                //定时器1定时方式2
  14   1      TH1= 0xfd;                //11.0592M 9600波特率
  15   1      TL1= 0xfd;
  16   1      TR1= 1;                  //启动定时器
  17   1        while(1)
  18   1      {
  19   2          i=0;
  20   2          while(trdata[i]!=0x00)
  21   2      {
  22   3      SBUF=trdata[i];
  23   3            while(TI==0);
  24   3            TI=0;
  25   3            i++;
  26   3          }
  27   2          for (j=0;j<50000;j++); 
  28   2      
  29   2        i=0;
  30   2        while(trdata1[i]!=0x00)
  31   2      {
  32   3      SBUF=trdata1[i];
  33   3            while(TI==0);
  34   3            TI=0;
  35   3            i++;
  36   3          }
  37   2         for (j=0;j<50000;j++); 
  38   2        }
  39   1      }


MODULE INFORMATION:   STATIC OVERLAYABLE
   CODE SIZE        =    121    ----
   CONSTANT SIZE    =   ----    ----
   XDATA SIZE       =   ----    ----
   PDATA SIZE       =   ----    ----
   DATA SIZE        =   ----       1
   IDATA SIZE       =     27    ----
   BIT SIZE         =   ----    ----
END OF MODULE INFORMATION.


C51 COMPILATION COMPLETE.  0 WARNING(S),  0 ERROR(S)
